2025-02-01 00:12:01,615 [ERROR] Giri\u015f hatas\u0131: Message: 
Stacktrace:
	GetHandleVerifier [0x00007FF741E302F5+28725]
	(No symbol) [0x00007FF741D92AE0]
	(No symbol) [0x00007FF741C2510A]
	(No symbol) [0x00007FF741C793D2]
	(No symbol) [0x00007FF741C795FC]
	(No symbol) [0x00007FF741CC3407]
	(No symbol) [0x00007FF741C9FFEF]
	(No symbol) [0x00007FF741CC0181]
	(No symbol) [0x00007FF741C9FD53]
	(No symbol) [0x00007FF741C6A0E3]
	(No symbol) [0x00007FF741C6B471]
	GetHandleVerifier [0x00007FF74215F30D+3366989]
	GetHandleVerifier [0x00007FF7421712F0+3440688]
	GetHandleVerifier [0x00007FF7421678FD+3401277]
	GetHandleVerifier [0x00007FF741EFAAAB+858091]
	(No symbol) [0x00007FF741D9E74F]
	(No symbol) [0x00007FF741D9A304]
	(No symbol) [0x00007FF741D9A49D]
	(No symbol) [0x00007FF741D88B69]
	BaseThreadInitThunk [0x00007FFE8142E8D7+23]
	RtlUserThreadStart [0x00007FFE8211FBCC+44]

2025-02-01 00:12:01,776 [INFO] Oturum yenileniyor...
2025-02-01 00:12:39,582 [ERROR] Giri\u015f hatas\u0131: Message: 
Stacktrace:
	GetHandleVerifier [0x00007FF741E302F5+28725]
	(No symbol) [0x00007FF741D92AE0]
	(No symbol) [0x00007FF741C2510A]
	(No symbol) [0x00007FF741C793D2]
	(No symbol) [0x00007FF741C795FC]
	(No symbol) [0x00007FF741CC3407]
	(No symbol) [0x00007FF741C9FFEF]
	(No symbol) [0x00007FF741CC0181]
	(No symbol) [0x00007FF741C9FD53]
	(No symbol) [0x00007FF741C6A0E3]
	(No symbol) [0x00007FF741C6B471]
	GetHandleVerifier [0x00007FF74215F30D+3366989]
	GetHandleVerifier [0x00007FF7421712F0+3440688]
	GetHandleVerifier [0x00007FF7421678FD+3401277]
	GetHandleVerifier [0x00007FF741EFAAAB+858091]
	(No symbol) [0x00007FF741D9E74F]
	(No symbol) [0x00007FF741D9A304]
	(No symbol) [0x00007FF741D9A49D]
	(No symbol) [0x00007FF741D88B69]
	BaseThreadInitThunk [0x00007FFE8142E8D7+23]
	RtlUserThreadStart [0x00007FFE8211FBCC+44]

2025-02-01 00:12:39,738 [INFO] Oturum yenileniyor...
2025-02-01 00:13:19,867 [ERROR] Giri\u015f hatas\u0131: Message: 
Stacktrace:
	GetHandleVerifier [0x00007FF741E302F5+28725]
	(No symbol) [0x00007FF741D92AE0]
	(No symbol) [0x00007FF741C2510A]
	(No symbol) [0x00007FF741C793D2]
	(No symbol) [0x00007FF741C795FC]
	(No symbol) [0x00007FF741CC3407]
	(No symbol) [0x00007FF741C9FFEF]
	(No symbol) [0x00007FF741CC0181]
	(No symbol) [0x00007FF741C9FD53]
	(No symbol) [0x00007FF741C6A0E3]
	(No symbol) [0x00007FF741C6B471]
	GetHandleVerifier [0x00007FF74215F30D+3366989]
	GetHandleVerifier [0x00007FF7421712F0+3440688]
	GetHandleVerifier [0x00007FF7421678FD+3401277]
	GetHandleVerifier [0x00007FF741EFAAAB+858091]
	(No symbol) [0x00007FF741D9E74F]
	(No symbol) [0x00007FF741D9A304]
	(No symbol) [0x00007FF741D9A49D]
	(No symbol) [0x00007FF741D88B69]
	BaseThreadInitThunk [0x00007FFE8142E8D7+23]
	RtlUserThreadStart [0x00007FFE8211FBCC+44]

2025-02-01 00:13:20,046 [INFO] Oturum yenileniyor...
2025-02-01 00:13:24,790 [WARNING] Kullan\u0131c\u0131 taraf\u0131ndan durduruldu!
