2025-01-30 01:39:47,726 - ERROR - Hata: Message: 
Stacktrace:
	GetHandleVerifier [0x00007FF710A802F5+28725]
	(No symbol) [0x00007FF7109E2AE0]
	(No symbol) [0x00007FF71087510A]
	(No symbol) [0x00007FF7108C93D2]
	(No symbol) [0x00007FF7108C95FC]
	(No symbol) [0x00007FF710913407]
	(No symbol) [0x00007FF7108EFFEF]
	(No symbol) [0x00007FF710910181]
	(No symbol) [0x00007FF7108EFD53]
	(No symbol) [0x00007FF7108BA0E3]
	(No symbol) [0x00007FF7108BB471]
	GetHandleVerifier [0x00007FF710DAF30D+3366989]
	GetHandleVerifier [0x00007FF710DC12F0+3440688]
	GetHandleVerifier [0x00007FF710DB78FD+3401277]
	GetHandleVerifier [0x00007FF710B4AAAB+858091]
	(No symbol) [0x00007FF7109EE74F]
	(No symbol) [0x00007FF7109EA304]
	(No symbol) [0x00007FF7109EA49D]
	(No symbol) [0x00007FF7109D8B69]
	BaseThreadInitThunk [0x00007FFCB93EE8D7+23]
	RtlUserThreadStart [0x00007FFCBA7FFBCC+44]

2025-01-30 01:39:47,856 - INFO - Yeniden ba\u015flat\u0131l\u0131yor...
